This is pdfTeX, Version 3.141592653-2.6-1.40.24 (TeX Live 2022) (preloaded format=latex 2022.12.16)  30 DEC 2022 16:43
entering extended mode
 restricted \write18 enabled.
 %&-line parsing enabled.
**^^[[200~makeglossaries~

! Emergency stop.
<to be read again> 
                   \protect 
<*> ^^[[200~
            makeglossaries~
End of file on the terminal!

 
Here is how much of TeX's memory you used:
 3 strings out of 474969
 101 string characters out of 5776114
 342101 words of memory out of 5000000
 21611 multiletter control sequences out of 15000+600000
 469259 words of font info for 28 fonts, out of 8000000 for 9000
 1141 hyphenation exceptions out of 8191
 3i,0n,2p,1b,6s stack positions out of 10000i,1000n,20000p,200000b,200000s
No pages of output.
